<?xml version="1.0" encoding="UTF-8"?>
<!-- Generated by org.testng.reporters.JUnitReportReporter -->
<testsuite hostname="USLASDTANDELV" failures="0" tests="3" name="igt.tableMountain.qa.testcases.LoginPageTest" time="39.195" errors="0" timestamp="02 Oct 2019 16:06:13 GMT" skipped="0">
  <testcase classname="igt.tableMountain.qa.testcases.LoginPageTest" name="loginPageTitiletest" time="12.529"/>
  <testcase classname="igt.tableMountain.qa.testcases.LoginPageTest" name="igtLogoTest" time="11.169"/>
  <testcase classname="igt.tableMountain.qa.testcases.LoginPageTest" name="loginTest" time="15.497"/>
</testsuite> <!-- igt.tableMountain.qa.testcases.LoginPageTest -->
