<?xml version="1.0" encoding="UTF-8"?>
<!-- Generated by org.testng.reporters.JUnitReportReporter -->
<testsuite skipped="0" hostname="USLASDTANDELV" name="igt.tableMountain.qa.testcases.LoginPageTest" tests="3" failures="0" timestamp="03 Oct 2019 20:31:34 GMT" time="38.712" errors="0">
  <testcase name="loginPageTitiletest" time="15.104" classname="igt.tableMountain.qa.testcases.LoginPageTest"/>
  <testcase name="igtLogoTest" time="12.190" classname="igt.tableMountain.qa.testcases.LoginPageTest"/>
  <testcase name="loginTest" time="11.418" classname="igt.tableMountain.qa.testcases.LoginPageTest"/>
</testsuite> <!-- igt.tableMountain.qa.testcases.LoginPageTest -->
