<?xml version="1.0" encoding="UTF-8"?>
<!-- Generated by org.testng.reporters.JUnitReportReporter -->
<testsuite hostname="USLASDTANDELV" failures="0" tests="3" name="igt.tableMountain.qa.testcases.LoginPageTest" time="36.093" errors="0" timestamp="02 Oct 2019 21:07:45 GMT" skipped="0">
  <testcase classname="igt.tableMountain.qa.testcases.LoginPageTest" name="loginPageTitiletest" time="13.450"/>
  <testcase classname="igt.tableMountain.qa.testcases.LoginPageTest" name="igtLogoTest" time="11.094"/>
  <testcase classname="igt.tableMountain.qa.testcases.LoginPageTest" name="loginTest" time="11.549"/>
</testsuite> <!-- igt.tableMountain.qa.testcases.LoginPageTest -->
